0 verbose cli /usr/local/lib/nodejs/node-v16.17.0-linux-x64/bin/node /usr/local/lib/nodejs/node-v16.17.0-linux-x64/bin/npm
1 info using npm@8.15.0
2 info using node@v16.17.0
3 timing npm:load:whichnode Completed in 1ms
4 timing config:load:defaults Completed in 14ms
5 timing config:load:file:/usr/local/lib/nodejs/node-v16.17.0-linux-x64/lib/node_modules/npm/npmrc Completed in 9ms
6 timing config:load:builtin Completed in 11ms
7 timing config:load:cli Completed in 8ms
8 timing config:load:env Completed in 2ms
9 timing config:load:file:/www/loyalty/vendor/awardwallet/service/Common/Selenium/Puppeteer/.npmrc Completed in 2ms
10 timing config:load:project Completed in 86ms
11 timing config:load:file:/home/user/.npmrc Completed in 2ms
12 timing config:load:user Completed in 4ms
13 timing config:load:file:/usr/local/lib/nodejs/node-v16.17.0-linux-x64/etc/npmrc Completed in 0ms
14 timing config:load:global Completed in 2ms
15 timing config:load:validate Completed in 1ms
16 timing config:load:credentials Completed in 9ms
17 timing config:load:setEnvs Completed in 6ms
18 timing config:load Completed in 154ms
19 timing npm:load:configload Completed in 155ms
20 timing npm:load:mkdirpcache Completed in 18ms
21 timing npm:load:mkdirplogs Completed in 13ms
22 verbose title npm install
23 verbose argv "install"
24 timing npm:load:setTitle Completed in 10ms
25 timing config:load:flatten Completed in 19ms
26 timing npm:load:display Completed in 33ms
27 verbose logfile logs-max:10 dir:/home/user/.npm/_logs
28 verbose logfile /home/user/.npm/_logs/2022-11-27T07_20_30_966Z-debug-0.log
29 timing npm:load:logFile Completed in 76ms
30 timing npm:load:timers Completed in 1ms
31 timing npm:load:configScope Completed in 0ms
32 timing npm:load Completed in 320ms
33 timing arborist:ctor Completed in 4ms
34 silly logfile done cleaning log files
35 timing idealTree:init Completed in 588ms
36 timing idealTree:userRequests Completed in 1ms
37 silly idealTree buildDeps
38 timing idealTree:#root Completed in 2ms
39 timing idealTree:buildDeps Completed in 13ms
40 timing idealTree:fixDepFlags Completed in 1ms
41 timing idealTree Completed in 634ms
42 timing reify:loadTrees Completed in 674ms
43 timing reify:diffTrees Completed in 13ms
44 silly reify moves {}
45 timing reify:retireShallow Completed in 8ms
46 timing reify:createSparse Completed in 470ms
47 timing reify:loadBundles Completed in 0ms
48 silly audit bulk request {
48 silly audit   '@types/node': [ '18.6.1' ],
48 silly audit   '@types/yauzl': [ '2.10.0' ],
48 silly audit   'agent-base': [ '6.0.2' ],
48 silly audit   'balanced-match': [ '1.0.2' ],
48 silly audit   'base64-js': [ '1.5.1' ],
48 silly audit   bl: [ '4.1.0' ],
48 silly audit   'brace-expansion': [ '1.1.11' ],
48 silly audit   buffer: [ '5.7.1' ],
48 silly audit   'buffer-crc32': [ '0.2.13' ],
48 silly audit   chownr: [ '1.1.4' ],
48 silly audit   'concat-map': [ '0.0.1' ],
48 silly audit   'cross-fetch': [ '3.1.5' ],
48 silly audit   debug: [ '4.3.4' ],
48 silly audit   'devtools-protocol': [ '0.0.1019158' ],
48 silly audit   'end-of-stream': [ '1.4.4' ],
48 silly audit   'extract-zip': [ '2.0.1' ],
48 silly audit   'fd-slicer': [ '1.1.0' ],
48 silly audit   'find-up': [ '4.1.0' ],
48 silly audit   'fs-constants': [ '1.0.0' ],
48 silly audit   'fs.realpath': [ '1.0.0' ],
48 silly audit   'get-stream': [ '5.2.0' ],
48 silly audit   glob: [ '7.2.3' ],
48 silly audit   'https-proxy-agent': [ '5.0.1' ],
48 silly audit   ieee754: [ '1.2.1' ],
48 silly audit   inflight: [ '1.0.6' ],
48 silly audit   inherits: [ '2.0.4' ],
48 silly audit   'locate-path': [ '5.0.0' ],
48 silly audit   minimatch: [ '3.1.2' ],
48 silly audit   'mkdirp-classic': [ '0.5.3' ],
48 silly audit   ms: [ '2.1.2' ],
48 silly audit   'node-fetch': [ '2.6.7' ],
48 silly audit   once: [ '1.4.0' ],
48 silly audit   'p-limit': [ '2.3.0' ],
48 silly audit   'p-locate': [ '4.1.0' ],
48 silly audit   'p-try': [ '2.2.0' ],
48 silly audit   'path-exists': [ '4.0.0' ],
48 silly audit   'path-is-absolute': [ '1.0.1' ],
48 silly audit   pend: [ '1.2.0' ],
48 silly audit   'pkg-dir': [ '4.2.0' ],
48 silly audit   progress: [ '2.0.3' ],
48 silly audit   'proxy-from-env': [ '1.1.0' ],
48 silly audit   pump: [ '3.0.0' ],
48 silly audit   puppeteer: [ '15.5.0' ],
48 silly audit   'readable-stream': [ '3.6.0' ],
48 silly audit   rimraf: [ '3.0.2' ],
48 silly audit   'safe-buffer': [ '5.2.1' ],
48 silly audit   string_decoder: [ '1.3.0' ],
48 silly audit   'tar-fs': [ '2.1.1' ],
48 silly audit   'tar-stream': [ '2.2.0' ],
48 silly audit   through: [ '2.3.8' ],
48 silly audit   tr46: [ '0.0.3' ],
48 silly audit   'unbzip2-stream': [ '1.4.3' ],
48 silly audit   'util-deprecate': [ '1.0.2' ],
48 silly audit   'webidl-conversions': [ '3.0.1' ],
48 silly audit   'whatwg-url': [ '5.0.0' ],
48 silly audit   wrappy: [ '1.0.2' ],
48 silly audit   ws: [ '8.8.0' ],
48 silly audit   yauzl: [ '2.10.0' ]
48 silly audit }
49 silly tarball no local data for ws@https://registry.npmjs.org/ws/-/ws-8.8.0.tgz. Extracting by manifest.
50 silly tarball no local data for wrappy@https://registry.npmjs.org/wrappy/-/wrappy-1.0.2.tgz. Extracting by manifest.
51 silly tarball no local data for yauzl@https://registry.npmjs.org/yauzl/-/yauzl-2.10.0.tgz. Extracting by manifest.
52 silly tarball no local data for whatwg-url@https://registry.npmjs.org/whatwg-url/-/whatwg-url-5.0.0.tgz. Extracting by manifest.
53 silly tarball no local data for util-deprecate@https://registry.npmjs.org/util-deprecate/-/util-deprecate-1.0.2.tgz. Extracting by manifest.
54 silly tarball no local data for webidl-conversions@https://registry.npmjs.org/webidl-conversions/-/webidl-conversions-3.0.1.tgz. Extracting by manifest.
55 silly tarball no local data for tr46@https://registry.npmjs.org/tr46/-/tr46-0.0.3.tgz. Extracting by manifest.
56 silly tarball no local data for unbzip2-stream@https://registry.npmjs.org/unbzip2-stream/-/unbzip2-stream-1.4.3.tgz. Extracting by manifest.
57 silly tarball no local data for through@https://registry.npmjs.org/through/-/through-2.3.8.tgz. Extracting by manifest.
58 silly tarball no local data for tar-stream@https://registry.npmjs.org/tar-stream/-/tar-stream-2.2.0.tgz. Extracting by manifest.
59 silly tarball no local data for safe-buffer@https://registry.npmjs.org/safe-buffer/-/safe-buffer-5.2.1.tgz. Extracting by manifest.
60 silly tarball no local data for string_decoder@https://registry.npmjs.org/string_decoder/-/string_decoder-1.3.0.tgz. Extracting by manifest.
61 silly tarball no local data for puppeteer@https://registry.npmjs.org/puppeteer/-/puppeteer-15.5.0.tgz. Extracting by manifest.
62 silly tarball no local data for pump@https://registry.npmjs.org/pump/-/pump-3.0.0.tgz. Extracting by manifest.
63 silly tarball no local data for proxy-from-env@https://registry.npmjs.org/proxy-from-env/-/proxy-from-env-1.1.0.tgz. Extracting by manifest.
64 silly tarball no local data for readable-stream@https://registry.npmjs.org/readable-stream/-/readable-stream-3.6.0.tgz. Extracting by manifest.
65 silly tarball no local data for progress@https://registry.npmjs.org/progress/-/progress-2.0.3.tgz. Extracting by manifest.
66 silly tarball no local data for rimraf@https://registry.npmjs.org/rimraf/-/rimraf-3.0.2.tgz. Extracting by manifest.
67 silly tarball no local data for pkg-dir@https://registry.npmjs.org/pkg-dir/-/pkg-dir-4.2.0.tgz. Extracting by manifest.
68 silly tarball no local data for path-is-absolute@https://registry.npmjs.org/path-is-absolute/-/path-is-absolute-1.0.1.tgz. Extracting by manifest.
69 silly tarball no local data for pend@https://registry.npmjs.org/pend/-/pend-1.2.0.tgz. Extracting by manifest.
70 silly tarball no local data for p-locate@https://registry.npmjs.org/p-locate/-/p-locate-4.1.0.tgz. Extracting by manifest.
71 silly tarball no local data for once@https://registry.npmjs.org/once/-/once-1.4.0.tgz. Extracting by manifest.
72 silly tarball no local data for path-exists@https://registry.npmjs.org/path-exists/-/path-exists-4.0.0.tgz. Extracting by manifest.
73 silly tarball no local data for node-fetch@https://registry.npmjs.org/node-fetch/-/node-fetch-2.6.7.tgz. Extracting by manifest.
74 silly tarball no local data for locate-path@https://registry.npmjs.org/locate-path/-/locate-path-5.0.0.tgz. Extracting by manifest.
75 silly tarball no local data for minimatch@https://registry.npmjs.org/minimatch/-/minimatch-3.1.2.tgz. Extracting by manifest.
76 silly tarball no local data for mkdirp-classic@https://registry.npmjs.org/mkdirp-classic/-/mkdirp-classic-0.5.3.tgz. Extracting by manifest.
77 silly tarball no local data for ms@https://registry.npmjs.org/ms/-/ms-2.1.2.tgz. Extracting by manifest.
78 silly tarball no local data for p-limit@https://registry.npmjs.org/p-limit/-/p-limit-2.3.0.tgz. Extracting by manifest.
79 silly tarball no local data for p-try@https://registry.npmjs.org/p-try/-/p-try-2.2.0.tgz. Extracting by manifest.
80 silly tarball no local data for https-proxy-agent@https://registry.npmjs.org/https-proxy-agent/-/https-proxy-agent-5.0.1.tgz. Extracting by manifest.
81 silly tarball no local data for inherits@https://registry.npmjs.org/inherits/-/inherits-2.0.4.tgz. Extracting by manifest.
82 silly tarball no local data for ieee754@https://registry.npmjs.org/ieee754/-/ieee754-1.2.1.tgz. Extracting by manifest.
83 silly tarball no local data for glob@https://registry.npmjs.org/glob/-/glob-7.2.3.tgz. Extracting by manifest.
84 silly tarball no local data for get-stream@https://registry.npmjs.org/get-stream/-/get-stream-5.2.0.tgz. Extracting by manifest.
85 silly tarball no local data for fs.realpath@https://registry.npmjs.org/fs.realpath/-/fs.realpath-1.0.0.tgz. Extracting by manifest.
86 silly tarball no local data for fd-slicer@https://registry.npmjs.org/fd-slicer/-/fd-slicer-1.1.0.tgz. Extracting by manifest.
87 silly tarball no local data for find-up@https://registry.npmjs.org/find-up/-/find-up-4.1.0.tgz. Extracting by manifest.
88 silly tarball no local data for tar-fs@https://registry.npmjs.org/tar-fs/-/tar-fs-2.1.1.tgz. Extracting by manifest.
89 silly tarball no local data for inflight@https://registry.npmjs.org/inflight/-/inflight-1.0.6.tgz. Extracting by manifest.
90 silly tarball no local data for debug@https://registry.npmjs.org/debug/-/debug-4.3.4.tgz. Extracting by manifest.
91 silly tarball no local data for concat-map@https://registry.npmjs.org/concat-map/-/concat-map-0.0.1.tgz. Extracting by manifest.
92 silly tarball no local data for end-of-stream@https://registry.npmjs.org/end-of-stream/-/end-of-stream-1.4.4.tgz. Extracting by manifest.
93 silly tarball no local data for devtools-protocol@https://registry.npmjs.org/devtools-protocol/-/devtools-protocol-0.0.1019158.tgz. Extracting by manifest.
94 silly tarball no local data for brace-expansion@https://registry.npmjs.org/brace-expansion/-/brace-expansion-1.1.11.tgz. Extracting by manifest.
95 silly tarball no local data for fs-constants@https://registry.npmjs.org/fs-constants/-/fs-constants-1.0.0.tgz. Extracting by manifest.
96 silly tarball no local data for buffer@https://registry.npmjs.org/buffer/-/buffer-5.7.1.tgz. Extracting by manifest.
97 silly tarball no local data for extract-zip@https://registry.npmjs.org/extract-zip/-/extract-zip-2.0.1.tgz. Extracting by manifest.
98 silly tarball no local data for bl@https://registry.npmjs.org/bl/-/bl-4.1.0.tgz. Extracting by manifest.
99 silly tarball no local data for agent-base@https://registry.npmjs.org/agent-base/-/agent-base-6.0.2.tgz. Extracting by manifest.
100 silly tarball no local data for @types/yauzl@https://registry.npmjs.org/@types/yauzl/-/yauzl-2.10.0.tgz. Extracting by manifest.
101 silly tarball no local data for base64-js@https://registry.npmjs.org/base64-js/-/base64-js-1.5.1.tgz. Extracting by manifest.
102 silly tarball no local data for cross-fetch@https://registry.npmjs.org/cross-fetch/-/cross-fetch-3.1.5.tgz. Extracting by manifest.
103 silly tarball no local data for chownr@https://registry.npmjs.org/chownr/-/chownr-1.1.4.tgz. Extracting by manifest.
104 silly tarball no local data for balanced-match@https://registry.npmjs.org/balanced-match/-/balanced-match-1.0.2.tgz. Extracting by manifest.
105 silly tarball no local data for buffer-crc32@https://registry.npmjs.org/buffer-crc32/-/buffer-crc32-0.2.13.tgz. Extracting by manifest.
106 silly tarball no local data for @types/node@https://registry.npmjs.org/@types/node/-/node-18.6.1.tgz. Extracting by manifest.
107 http fetch POST 200 https://registry.npmjs.org/-/npm/v1/security/advisories/bulk 2355ms
108 timing auditReport:getReport Completed in 2389ms
109 silly audit report {}
110 timing auditReport:init Completed in 1ms
111 timing reify:audit Completed in 2399ms
112 http fetch GET 200 https://registry.npmjs.org/balanced-match/-/balanced-match-1.0.2.tgz 3922ms (cache miss)
113 timing reifyNode:node_modules/balanced-match Completed in 5010ms
114 http fetch GET 200 https://registry.npmjs.org/path-exists/-/path-exists-4.0.0.tgz 4331ms (cache miss)
115 timing reifyNode:node_modules/path-exists Completed in 5041ms
116 http fetch GET 200 https://registry.npmjs.org/once/-/once-1.4.0.tgz 4345ms (cache miss)
117 timing reifyNode:node_modules/once Completed in 5045ms
118 http fetch GET 200 https://registry.npmjs.org/concat-map/-/concat-map-0.0.1.tgz 4084ms (cache miss)
119 timing reifyNode:node_modules/concat-map Completed in 5048ms
120 http fetch GET 200 https://registry.npmjs.org/end-of-stream/-/end-of-stream-1.4.4.tgz 4081ms (cache miss)
121 timing reifyNode:node_modules/end-of-stream Completed in 5066ms
122 http fetch GET 200 https://registry.npmjs.org/webidl-conversions/-/webidl-conversions-3.0.1.tgz 4652ms (cache miss)
123 timing reifyNode:node_modules/webidl-conversions Completed in 5088ms
124 http fetch GET 200 https://registry.npmjs.org/string_decoder/-/string_decoder-1.3.0.tgz 4592ms (cache miss)
125 timing reifyNode:node_modules/string_decoder Completed in 5098ms
126 http fetch GET 200 https://registry.npmjs.org/through/-/through-2.3.8.tgz 4639ms (cache miss)
127 timing reifyNode:node_modules/through Completed in 5105ms
128 http fetch GET 200 https://registry.npmjs.org/pend/-/pend-1.2.0.tgz 4425ms (cache miss)
129 timing reifyNode:node_modules/pend Completed in 5112ms
130 http fetch GET 200 https://registry.npmjs.org/mkdirp-classic/-/mkdirp-classic-0.5.3.tgz 4360ms (cache miss)
131 timing reifyNode:node_modules/mkdirp-classic Completed in 5123ms
132 http fetch GET 200 https://registry.npmjs.org/p-try/-/p-try-2.2.0.tgz 4331ms (cache miss)
133 timing reifyNode:node_modules/p-try Completed in 5129ms
134 http fetch GET 200 https://registry.npmjs.org/rimraf/-/rimraf-3.0.2.tgz 4493ms (cache miss)
135 timing reifyNode:node_modules/rimraf Completed in 5134ms
136 http fetch GET 200 https://registry.npmjs.org/fs.realpath/-/fs.realpath-1.0.0.tgz 4277ms (cache miss)
137 timing reifyNode:node_modules/fs.realpath Completed in 5133ms
138 http fetch GET 200 https://registry.npmjs.org/get-stream/-/get-stream-5.2.0.tgz 4289ms (cache miss)
139 timing reifyNode:node_modules/get-stream Completed in 5139ms
140 http fetch GET 200 https://registry.npmjs.org/ieee754/-/ieee754-1.2.1.tgz 4310ms (cache miss)
141 timing reifyNode:node_modules/ieee754 Completed in 5147ms
142 http fetch GET 200 https://registry.npmjs.org/p-limit/-/p-limit-2.3.0.tgz 4365ms (cache miss)
143 timing reifyNode:node_modules/p-limit Completed in 5152ms
144 http fetch GET 200 https://registry.npmjs.org/inherits/-/inherits-2.0.4.tgz 4333ms (cache miss)
145 timing reifyNode:node_modules/inherits Completed in 5154ms
146 http fetch GET 200 https://registry.npmjs.org/agent-base/-/agent-base-6.0.2.tgz 4111ms (cache miss)
147 timing reifyNode:node_modules/agent-base Completed in 5151ms
148 http fetch GET 200 https://registry.npmjs.org/find-up/-/find-up-4.1.0.tgz 4289ms (cache miss)
149 timing reifyNode:node_modules/find-up Completed in 5159ms
150 http fetch GET 200 https://registry.npmjs.org/fs-constants/-/fs-constants-1.0.0.tgz 4153ms (cache miss)
151 timing reifyNode:node_modules/fs-constants Completed in 5163ms
152 http fetch GET 200 https://registry.npmjs.org/chownr/-/chownr-1.1.4.tgz 4094ms (cache miss)
153 timing reifyNode:node_modules/chownr Completed in 5171ms
154 http fetch GET 200 https://registry.npmjs.org/wrappy/-/wrappy-1.0.2.tgz 4783ms (cache miss)
155 timing reifyNode:node_modules/wrappy Completed in 5190ms
156 http fetch GET 200 https://registry.npmjs.org/buffer-crc32/-/buffer-crc32-0.2.13.tgz 4084ms (cache miss)
157 timing reifyNode:node_modules/buffer-crc32 Completed in 5179ms
158 http fetch GET 200 https://registry.npmjs.org/pump/-/pump-3.0.0.tgz 4659ms (cache miss)
159 timing reifyNode:node_modules/pump Completed in 5190ms
160 http fetch GET 200 https://registry.npmjs.org/util-deprecate/-/util-deprecate-1.0.2.tgz 4788ms (cache miss)
161 timing reifyNode:node_modules/util-deprecate Completed in 5214ms
162 http fetch GET 200 https://registry.npmjs.org/p-locate/-/p-locate-4.1.0.tgz 4526ms (cache miss)
163 timing reifyNode:node_modules/p-locate Completed in 5224ms
164 http fetch GET 200 https://registry.npmjs.org/fd-slicer/-/fd-slicer-1.1.0.tgz 4366ms (cache miss)
165 timing reifyNode:node_modules/fd-slicer Completed in 5228ms
166 http fetch GET 200 https://registry.npmjs.org/inflight/-/inflight-1.0.6.tgz 4352ms (cache miss)
167 timing reifyNode:node_modules/inflight Completed in 5237ms
168 http fetch GET 200 https://registry.npmjs.org/extract-zip/-/extract-zip-2.0.1.tgz 4209ms (cache miss)
169 timing reifyNode:node_modules/extract-zip Completed in 5238ms
170 http fetch GET 200 https://registry.npmjs.org/ms/-/ms-2.1.2.tgz 4470ms (cache miss)
171 timing reifyNode:node_modules/ms Completed in 5245ms
172 http fetch GET 200 https://registry.npmjs.org/brace-expansion/-/brace-expansion-1.1.11.tgz 4249ms (cache miss)
173 timing reifyNode:node_modules/brace-expansion Completed in 5245ms
174 http fetch GET 200 https://registry.npmjs.org/base64-js/-/base64-js-1.5.1.tgz 4191ms (cache miss)
175 timing reifyNode:node_modules/base64-js Completed in 5248ms
176 http fetch GET 200 https://registry.npmjs.org/proxy-from-env/-/proxy-from-env-1.1.0.tgz 4661ms (cache miss)
177 timing reifyNode:node_modules/proxy-from-env Completed in 5267ms
178 http fetch GET 200 https://registry.npmjs.org/safe-buffer/-/safe-buffer-5.2.1.tgz 4781ms (cache miss)
179 timing reifyNode:node_modules/safe-buffer Completed in 5273ms
180 http fetch GET 200 https://registry.npmjs.org/path-is-absolute/-/path-is-absolute-1.0.1.tgz 4598ms (cache miss)
181 timing reifyNode:node_modules/path-is-absolute Completed in 5276ms
182 http fetch GET 200 https://registry.npmjs.org/tar-stream/-/tar-stream-2.2.0.tgz 4806ms (cache miss)
183 timing reifyNode:node_modules/tar-stream Completed in 5284ms
184 http fetch GET 200 https://registry.npmjs.org/progress/-/progress-2.0.3.tgz 4651ms (cache miss)
185 timing reifyNode:node_modules/progress Completed in 5285ms
186 http fetch GET 200 https://registry.npmjs.org/locate-path/-/locate-path-5.0.0.tgz 4540ms (cache miss)
187 timing reifyNode:node_modules/locate-path Completed in 5288ms
188 http fetch GET 200 https://registry.npmjs.org/@types/yauzl/-/yauzl-2.10.0.tgz 4238ms (cache miss)
189 timing reifyNode:node_modules/@types/yauzl Completed in 5288ms
190 http fetch GET 200 https://registry.npmjs.org/pkg-dir/-/pkg-dir-4.2.0.tgz 4650ms (cache miss)
191 timing reifyNode:node_modules/pkg-dir Completed in 5311ms
192 http fetch GET 200 https://registry.npmjs.org/minimatch/-/minimatch-3.1.2.tgz 4589ms (cache miss)
193 timing reifyNode:node_modules/minimatch Completed in 5345ms
194 http fetch GET 200 https://registry.npmjs.org/https-proxy-agent/-/https-proxy-agent-5.0.1.tgz 4574ms (cache miss)
195 timing reifyNode:node_modules/https-proxy-agent Completed in 5386ms
196 http fetch GET 200 https://registry.npmjs.org/glob/-/glob-7.2.3.tgz 4575ms (cache miss)
197 timing reifyNode:node_modules/glob Completed in 5424ms
198 http fetch GET 200 https://registry.npmjs.org/yauzl/-/yauzl-2.10.0.tgz 5029ms (cache miss)
199 timing reifyNode:node_modules/yauzl Completed in 5444ms
200 http fetch GET 200 https://registry.npmjs.org/whatwg-url/-/whatwg-url-5.0.0.tgz 5037ms (cache miss)
201 timing reifyNode:node_modules/whatwg-url Completed in 5457ms
202 http fetch GET 200 https://registry.npmjs.org/buffer/-/buffer-5.7.1.tgz 4455ms (cache miss)
203 timing reifyNode:node_modules/buffer Completed in 5476ms
204 http fetch GET 200 https://registry.npmjs.org/bl/-/bl-4.1.0.tgz 4462ms (cache miss)
205 timing reifyNode:node_modules/bl Completed in 5496ms
206 http fetch GET 200 https://registry.npmjs.org/cross-fetch/-/cross-fetch-3.1.5.tgz 4447ms (cache miss)
207 timing reifyNode:node_modules/cross-fetch Completed in 5517ms
208 http fetch GET 200 https://registry.npmjs.org/debug/-/debug-4.3.4.tgz 4586ms (cache miss)
209 timing reifyNode:node_modules/debug Completed in 5532ms
210 http fetch GET 200 https://registry.npmjs.org/tar-fs/-/tar-fs-2.1.1.tgz 4826ms (cache miss)
211 http fetch GET 200 https://registry.npmjs.org/unbzip2-stream/-/unbzip2-stream-1.4.3.tgz 5265ms (cache miss)
212 timing reifyNode:node_modules/unbzip2-stream Completed in 5721ms
213 http fetch GET 200 https://registry.npmjs.org/readable-stream/-/readable-stream-3.6.0.tgz 5099ms (cache miss)
214 timing reifyNode:node_modules/tar-fs Completed in 5735ms
215 timing reifyNode:node_modules/readable-stream Completed in 5739ms
216 http fetch GET 200 https://registry.npmjs.org/node-fetch/-/node-fetch-2.6.7.tgz 5003ms (cache miss)
217 timing reifyNode:node_modules/node-fetch Completed in 5743ms
218 http fetch GET 200 https://registry.npmjs.org/ws/-/ws-8.8.0.tgz 5405ms (cache miss)
219 timing reifyNode:node_modules/ws Completed in 5805ms
220 http fetch GET 200 https://registry.npmjs.org/tr46/-/tr46-0.0.3.tgz 5382ms (cache miss)
221 timing reifyNode:node_modules/tr46 Completed in 5825ms
222 http fetch GET 200 https://registry.npmjs.org/npm 8328ms (cache miss)
223 http fetch GET 200 https://registry.npmjs.org/devtools-protocol/-/devtools-protocol-0.0.1019158.tgz 6077ms (cache miss)
224 timing reifyNode:node_modules/devtools-protocol Completed in 7062ms
225 http fetch GET 200 https://registry.npmjs.org/@types/node/-/node-18.6.1.tgz 6182ms (cache miss)
226 timing reifyNode:node_modules/@types/node Completed in 7285ms
227 http fetch GET 200 https://registry.npmjs.org/puppeteer/-/puppeteer-15.5.0.tgz 12386ms (cache miss)
228 timing reifyNode:node_modules/puppeteer Completed in 13040ms
229 timing reify:unpack Completed in 13082ms
230 timing reify:unretire Completed in 16ms
231 timing build:queue Completed in 196ms
232 timing build:link:node_modules/extract-zip Completed in 160ms
233 timing build:link:node_modules/rimraf Completed in 170ms
234 timing build:link Completed in 180ms
235 info run puppeteer@15.5.0 install node_modules/puppeteer node install.js
236 info run puppeteer@15.5.0 install { code: 0, signal: null }
237 timing build:run:install:node_modules/puppeteer Completed in 11138ms
238 timing build:run:install Completed in 11169ms
239 timing build:deps Completed in 11590ms
240 timing build Completed in 11676ms
241 timing reify:build Completed in 11700ms
242 timing reify:trash Completed in 1ms
243 timing reify:save Completed in 214ms
244 timing reify Completed in 26763ms
245 silly ADD node_modules/yauzl
246 silly ADD node_modules/ws
247 silly ADD node_modules/wrappy
248 silly ADD node_modules/whatwg-url
249 silly ADD node_modules/webidl-conversions
250 silly ADD node_modules/util-deprecate
251 silly ADD node_modules/unbzip2-stream
252 silly ADD node_modules/tr46
253 silly ADD node_modules/through
254 silly ADD node_modules/tar-stream
255 silly ADD node_modules/tar-fs
256 silly ADD node_modules/string_decoder
257 silly ADD node_modules/safe-buffer
258 silly ADD node_modules/rimraf
259 silly ADD node_modules/readable-stream
260 silly ADD node_modules/puppeteer
261 silly ADD node_modules/pump
262 silly ADD node_modules/proxy-from-env
263 silly ADD node_modules/progress
264 silly ADD node_modules/pkg-dir
265 silly ADD node_modules/pend
266 silly ADD node_modules/path-is-absolute
267 silly ADD node_modules/path-exists
268 silly ADD node_modules/p-try
269 silly ADD node_modules/p-locate
270 silly ADD node_modules/p-limit
271 silly ADD node_modules/once
272 silly ADD node_modules/node-fetch
273 silly ADD node_modules/ms
274 silly ADD node_modules/mkdirp-classic
275 silly ADD node_modules/minimatch
276 silly ADD node_modules/locate-path
277 silly ADD node_modules/inherits
278 silly ADD node_modules/inflight
279 silly ADD node_modules/ieee754
280 silly ADD node_modules/https-proxy-agent
281 silly ADD node_modules/glob
282 silly ADD node_modules/get-stream
283 silly ADD node_modules/fs.realpath
284 silly ADD node_modules/fs-constants
285 silly ADD node_modules/find-up
286 silly ADD node_modules/fd-slicer
287 silly ADD node_modules/extract-zip
288 silly ADD node_modules/end-of-stream
289 silly ADD node_modules/devtools-protocol
290 silly ADD node_modules/debug
291 silly ADD node_modules/cross-fetch
292 silly ADD node_modules/concat-map
293 silly ADD node_modules/chownr
294 silly ADD node_modules/buffer-crc32
295 silly ADD node_modules/buffer
296 silly ADD node_modules/brace-expansion
297 silly ADD node_modules/bl
298 silly ADD node_modules/base64-js
299 silly ADD node_modules/balanced-match
300 silly ADD node_modules/agent-base
301 silly ADD node_modules/@types/yauzl
302 silly ADD node_modules/@types/node
303 timing command:install Completed in 27475ms
304 notice
304 notice New major version of npm available! 8.15.0 -> 9.1.2
304 notice Changelog: https://github.com/npm/cli/releases/tag/v9.1.2
304 notice Run npm install -g npm@9.1.2 to update!
304 notice
305 verbose exit 0
306 timing npm Completed in 28204ms
307 info ok
